
2024-09-02 18:56:45,742 [INFO] Workout count: 143

2024-09-02 18:56:45,744 [INFO] Workout pages count: 15.

2024-09-02 18:56:45,744 [INFO] Fetching workouts from page: 1 (pageSize:10)

2024-09-02 18:56:46,559 [INFO] Fetching workouts from page: 2 (pageSize:10)

2024-09-02 18:56:47,420 [INFO] Fetching workouts from page: 3 (pageSize:10)

2024-09-02 18:56:48,403 [INFO] Fetching workouts from page: 4 (pageSize:10)

2024-09-02 18:56:49,280 [INFO] Fetching workouts from page: 5 (pageSize:10)

2024-09-02 18:56:50,137 [INFO] Fetching workouts from page: 6 (pageSize:10)

2024-09-02 18:56:51,030 [INFO] Fetching workouts from page: 7 (pageSize:10)

2024-09-02 18:56:52,000 [INFO] Fetching workouts from page: 8 (pageSize:10)

2024-09-02 18:56:52,963 [INFO] Fetching workouts from page: 9 (pageSize:10)

2024-09-02 18:56:53,946 [INFO] Fetching workouts from page: 10 (pageSize:10)

2024-09-02 18:56:54,914 [INFO] Fetching workouts from page: 11 (pageSize:10)

2024-09-02 18:56:55,784 [INFO] Fetching workouts from page: 12 (pageSize:10)

2024-09-02 18:56:56,645 [INFO] Fetching workouts from page: 13 (pageSize:10)

2024-09-02 18:56:57,495 [INFO] Fetching workouts from page: 14 (pageSize:10)

2024-09-02 18:56:58,343 [INFO] Fetching workouts from page: 15 (pageSize:10)

2024-09-02 18:56:59,054 [INFO] Fetch done. Total workouts got: 143

2024-09-02 18:56:59,061 [INFO] Found 113 unique templates to decode. Starting to decode ...

2024-09-02 18:57:15,789 [INFO] Decoded templates 25/113.

2024-09-02 18:57:32,372 [INFO] Decoded templates 50/113.

2024-09-02 18:57:48,934 [INFO] Decoded templates 75/113.

2024-09-02 18:58:05,591 [INFO] Decoded templates 100/113.

2024-09-02 18:58:14,214 [INFO] Decoded templates 113/113.

2024-09-02 18:58:14,214 [INFO] All templates decoded.

2024-09-02 18:58:14,254 [INFO] Workouts data saved to: hevy_workouts_2024_09_02.csv)
